<?xml version="1.0" encoding="UTF-8"?>
<?xml-stylesheet type="text/xsl" href="ivy-report.xsl"?>
<ivy-report version="1.0">
	<info
		organisation="default"
		module="default-a02b1c"
		revision="0.1-SNAPSHOT"
		extra-sbtVersion="0.12"
		extra-scalaVersion="2.9.2"
		conf="test"
		confs="compile, runtime, test, provided, optional, compile-internal, runtime-internal, test-internal, plugin, sources, docs, pom"
		date="20130616085528"/>
	<dependencies>
		<module organisation="com.typesafe.sbteclipse" name="sbteclipse-plugin">
			<revision name="2.2.0" status="release" pubdate="20130425133124" resolver="typesafe-ivy-releases" artresolver="typesafe-ivy-releases" extra-sbtVersion="0.12" extra-scalaVersion="2.9.2" downloaded="true" searched="true" default="false" conf="default(compile), compile" position="0">
				<metadata-artifact status="successful" details="" size="1807" time="661" location="C:\Users\Labra\.ivy2\cache\scala_2.9.2\sbt_0.12\com.typesafe.sbteclipse\sbteclipse-plugin\ivy-2.2.0.xml" searched="true" original-local-location="C:\Users\Labra\.ivy2\cache\scala_2.9.2\sbt_0.12\com.typesafe.sbteclipse\sbteclipse-plugin\ivy-2.2.0.xml.original" origin-is-local="false" origin-location="http://repo.typesafe.com/typesafe/ivy-releases/com.typesafe.sbteclipse/sbteclipse-plugin/scala_2.9.2/sbt_0.12/2.2.0/ivys/ivy.xml"/>
				<caller organisation="default" name="default-a02b1c" conf="test, compile, runtime" rev="2.2.0" rev-constraint-default="2.2.0" rev-constraint-dynamic="2.2.0" callerrev="0.1-SNAPSHOT" extra-sbtVersion="0.12" extra-scalaVersion="2.9.2"/>
				<artifacts>
					<artifact name="sbteclipse-plugin" type="jar" ext="jar" status="successful" details="" size="7979" time="842" location="C:\Users\Labra\.ivy2\cache\scala_2.9.2\sbt_0.12\com.typesafe.sbteclipse\sbteclipse-plugin\jars\sbteclipse-plugin-2.2.0.jar">
						<origin-location is-local="false" location="http://repo.typesafe.com/typesafe/ivy-releases/com.typesafe.sbteclipse/sbteclipse-plugin/scala_2.9.2/sbt_0.12/2.2.0/jars/sbteclipse-plugin.jar"/>
					</artifact>
				</artifacts>
			</revision>
		</module>
		<module organisation="com.typesafe.sbteclipse" name="sbteclipse-core">
			<revision name="2.2.0" status="release" pubdate="20130425133124" resolver="typesafe-ivy-releases" artresolver="typesafe-ivy-releases" extra-sbtVersion="0.12" extra-scalaVersion="2.9.2" downloaded="true" searched="true" default="false" conf="default(compile), compile" position="1">
				<metadata-artifact status="successful" details="" size="1747" time="602" location="C:\Users\Labra\.ivy2\cache\scala_2.9.2\sbt_0.12\com.typesafe.sbteclipse\sbteclipse-core\ivy-2.2.0.xml" searched="true" original-local-location="C:\Users\Labra\.ivy2\cache\scala_2.9.2\sbt_0.12\com.typesafe.sbteclipse\sbteclipse-core\ivy-2.2.0.xml.original" origin-is-local="false" origin-location="http://repo.typesafe.com/typesafe/ivy-releases/com.typesafe.sbteclipse/sbteclipse-core/scala_2.9.2/sbt_0.12/2.2.0/ivys/ivy.xml"/>
				<caller organisation="com.typesafe.sbteclipse" name="sbteclipse-plugin" conf="compile" rev="2.2.0" rev-constraint-default="2.2.0" rev-constraint-dynamic="2.2.0" callerrev="2.2.0" extra-sbtVersion="0.12" extra-scalaVersion="2.9.2"/>
				<artifacts>
					<artifact name="sbteclipse-core" type="jar" ext="jar" status="successful" details="" size="273882" time="1706" location="C:\Users\Labra\.ivy2\cache\scala_2.9.2\sbt_0.12\com.typesafe.sbteclipse\sbteclipse-core\jars\sbteclipse-core-2.2.0.jar">
						<origin-location is-local="false" location="http://repo.typesafe.com/typesafe/ivy-releases/com.typesafe.sbteclipse/sbteclipse-core/scala_2.9.2/sbt_0.12/2.2.0/jars/sbteclipse-core.jar"/>
					</artifact>
				</artifacts>
			</revision>
		</module>
		<module organisation="org.scalaz" name="scalaz-core_2.9.2">
			<revision name="6.0.4" status="release" pubdate="20120414111242" resolver="sbt-chain" artresolver="sbt-chain" homepage="http://scalaz.org" downloaded="false" searched="false" default="false" conf="default(compile), default, compile, runtime, master" position="2">
				<license name="BSD-style" url="http://www.opensource.org/licenses/bsd-license.php"/>
				<metadata-artifact status="no" details="" size="2544" time="0" location="C:\Users\Labra\.ivy2\cache\org.scalaz\scalaz-core_2.9.2\ivy-6.0.4.xml" searched="false" origin-is-local="false" origin-location="https://oss.sonatype.org/content/repositories/releases/org/scalaz/scalaz-core_2.9.2/6.0.4/scalaz-core_2.9.2-6.0.4.pom"/>
				<caller organisation="com.typesafe.sbteclipse" name="sbteclipse-core" conf="compile" rev="6.0.4" rev-constraint-default="6.0.4" rev-constraint-dynamic="6.0.4" callerrev="2.2.0"/>
				<artifacts>
					<artifact name="scalaz-core_2.9.2" type="jar" ext="jar" status="no" details="" size="4474099" time="0" location="C:\Users\Labra\.ivy2\cache\org.scalaz\scalaz-core_2.9.2\jars\scalaz-core_2.9.2-6.0.4.jar">
						<origin-location is-local="false" location="https://oss.sonatype.org/content/repositories/releases/org/scalaz/scalaz-core_2.9.2/6.0.4/scalaz-core_2.9.2-6.0.4.jar"/>
					</artifact>
				</artifacts>
			</revision>
		</module>
		<module organisation="org.scala-lang" name="scala-library">
			<revision name="2.9.2" status="release" pubdate="20120413142921" resolver="public" artresolver="public" homepage="http://www.scala-lang.org/" downloaded="false" searched="false" default="false" conf="compile, master(*), runtime, compile(*), runtime(*), master" position="3">
				<license name="BSD-like" url="http://www.scala-lang.org/downloads/license.html          "/>
				<metadata-artifact status="no" details="" size="2420" time="0" location="C:\Users\Labra\.ivy2\cache\org.scala-lang\scala-library\ivy-2.9.2.xml" searched="false" origin-is-local="false" origin-location="http://repo1.maven.org/maven2/org/scala-lang/scala-library/2.9.2/scala-library-2.9.2.pom"/>
				<caller organisation="org.scalaz" name="scalaz-core_2.9.2" conf="default, compile, runtime, master" rev="2.9.2" rev-constraint-default="2.9.2" rev-constraint-dynamic="2.9.2" callerrev="6.0.4"/>
				<artifacts>
				</artifacts>
			</revision>
		</module>
	</dependencies>
</ivy-report>
